<?xml version="1.0" encoding="UTF-8"?>
<!-- Generated by org.testng.reporters.JUnitReportReporter -->
<testsuite hostname="MAA-5CG9224W5R" failures="0" tests="1" name="Test1.TestCase" time="7.335" errors="0" timestamp="2021-06-21T19:14:37 IST" skipped="0">
  <testcase classname="Test1.TestCase" name="TC1" time="7.335"/>
</testsuite> <!-- Test1.TestCase -->
